<?xml version="1.0" encoding="UTF-8"?>
<!-- Generated by org.testng.reporters.JUnitReportReporter -->
<testsuite skipped="0" hostname="THANGAM-LT" name="testCases.MarketplaceLogin" tests="2" failures="0" timestamp="27 Mar 2019 13:44:37 GMT" time="19.986" errors="0">
  <testcase name="loginSuccess" time="4.515" classname="testCases.MarketplaceLogin"/>
  <testcase name="openingLoginPage" time="15.471" classname="testCases.MarketplaceLogin"/>
</testsuite> <!-- testCases.MarketplaceLogin -->
