<?xml version="1.0" encoding="UTF-8"?>
<!-- Generated by org.testng.reporters.JUnitReportReporter -->
<testsuite skipped="0" hostname="THANGAM-LT" name="testCases.MarketplaceChangePassword" tests="3" failures="0" timestamp="27 Mar 2019 13:44:37 GMT" time="10.949" errors="0">
  <testcase name="successMessage" time="0.000" classname="testCases.MarketplaceChangePassword"/>
  <testcase name="changePassword" time="10.941" classname="testCases.MarketplaceChangePassword"/>
  <testcase name="successMessage1" time="0.008" classname="testCases.MarketplaceChangePassword"/>
</testsuite> <!-- testCases.MarketplaceChangePassword -->
