<?xml version="1.0" encoding="UTF-8"?>
<!-- Generated by org.testng.reporters.JUnitReportReporter -->
<testsuite skipped="0" hostname="THANGAM-LT" name="actualScripts.MarketplaceLogin" tests="2" failures="0" timestamp="27 Mar 2019 12:16:29 GMT" time="13.365" errors="0">
  <testcase name="loginSuccess" time="3.257" classname="actualScripts.MarketplaceLogin"/>
  <testcase name="openingLoginPage" time="10.108" classname="actualScripts.MarketplaceLogin"/>
</testsuite> <!-- actualScripts.MarketplaceLogin -->
