<?xml version="1.0" encoding="UTF-8"?>
<!-- Generated by org.testng.reporters.JUnitReportReporter -->
<testsuite skipped="0" hostname="THANGAM-LT" name="testCases.MarketplaceChangePassword" tests="3" failures="0" timestamp="28 Mar 2019 13:05:15 GMT" time="11.004" errors="0">
  <testcase name="successMessage" time="0.005" classname="testCases.MarketplaceChangePassword"/>
  <testcase name="successMessage1" time="0.004" classname="testCases.MarketplaceChangePassword"/>
  <testcase name="changePassword" time="10.995" classname="testCases.MarketplaceChangePassword"/>
</testsuite> <!-- testCases.MarketplaceChangePassword -->
