<?xml version="1.0" encoding="UTF-8"?>
<!-- Generated by org.testng.reporters.JUnitReportReporter -->
<testsuite skipped="0" hostname="THANGAM-LT" name="actualScripts.Testcase1" tests="1" failures="0" timestamp="22 Mar 2019 12:27:22 GMT" time="13.371" errors="0">
  <testcase name="signinCase" time="13.371" classname="actualScripts.Testcase1"/>
</testsuite> <!-- actualScripts.Testcase1 -->
