<?xml version="1.0" encoding="UTF-8"?>
<!-- Generated by org.testng.reporters.JUnitReportReporter -->
<testsuite skipped="0" hostname="THANGAM-LT" name="actualScripts.MarketplaceChangePassword" tests="3" failures="0" timestamp="27 Mar 2019 12:16:29 GMT" time="5.498" errors="0">
  <testcase name="successMessage1" time="0.005" classname="actualScripts.MarketplaceChangePassword"/>
  <testcase name="changePassword" time="5.491" classname="actualScripts.MarketplaceChangePassword"/>
  <testcase name="successMessage" time="0.002" classname="actualScripts.MarketplaceChangePassword"/>
</testsuite> <!-- actualScripts.MarketplaceChangePassword -->
