<?xml version="1.0" encoding="UTF-8"?>
<!-- Generated by org.testng.reporters.JUnitReportReporter -->
<testsuite skipped="0" hostname="THANGAM-LT" name="testCases.MarketplaceLogin" tests="2" failures="0" timestamp="27 Mar 2019 15:16:06 GMT" time="21.171" errors="0">
  <testcase name="openingLoginPage" time="15.739" classname="testCases.MarketplaceLogin"/>
  <testcase name="loginSuccess" time="5.432" classname="testCases.MarketplaceLogin"/>
</testsuite> <!-- testCases.MarketplaceLogin -->
