<?xml version="1.0" encoding="UTF-8"?>
<!-- Generated by org.testng.reporters.JUnitReportReporter -->
<testsuite skipped="0" hostname="THANGAM-LT" name="testCases.MarketplaceChangePassword" tests="3" failures="0" timestamp="27 Mar 2019 15:16:06 GMT" time="11.888" errors="0">
  <testcase name="successMessage" time="0.001" classname="testCases.MarketplaceChangePassword"/>
  <testcase name="changePassword" time="11.885" classname="testCases.MarketplaceChangePassword"/>
  <testcase name="successMessage1" time="0.002" classname="testCases.MarketplaceChangePassword"/>
</testsuite> <!-- testCases.MarketplaceChangePassword -->
